<?xml version="1.0" encoding="UTF-8"?>
<testsuite name="com.example.executor.state.ActivityPageStateProviderTest" tests="2" skipped="0" failures="0" errors="0" timestamp="2026-01-28T13:58:18.562Z" hostname="LAPTOP-NRMNDVQ6" time="0.0">
  <properties/>
  <testcase name="getCurrentPageId should return null when no activity is resumed" classname="com.example.executor.state.ActivityPageStateProviderTest" time="0.0"/>
  <testcase name="getCurrentPageId should return current activity class name when activity is resumed" classname="com.example.executor.state.ActivityPageStateProviderTest" time="0.0"/>
  <system-out><![CDATA[]]></system-out>
  <system-err><![CDATA[]]></system-err>
</testsuite>
