<?xml version="1.0" encoding="UTF-8"?>
<testsuite name="com.example.executor.util.LooperUiStabilizerTest" tests="2" skipped="0" failures="0" errors="0" timestamp="2026-01-31T01:57:33.618Z" hostname="LAPTOP-NRMNDVQ6" time="0.002">
  <properties/>
  <testcase name="waitForIdle should return true when ui is idle" classname="com.example.executor.util.LooperUiStabilizerTest" time="0.001"/>
  <testcase name="waitForIdle with timeout should return true when ui becomes idle within timeout" classname="com.example.executor.util.LooperUiStabilizerTest" time="0.0"/>
  <system-out><![CDATA[]]></system-out>
  <system-err><![CDATA[]]></system-err>
</testsuite>
